[33merror[39m: usuario invalido
[33merror[39m: usuario invalido:null
[33merror[39m: usuario invalido:m7@test.com
[33merror[39m: password inválida:m2@test.com
[33merror[39m: password inválida:m2@test.com
[31mfatal[39m: GET /api/users/671fbc32612052af3f7cfcca - ERRORS IS NOT DEFINED
[33merror[39m: GET /api/users/671fbc32612052af3f7cfcca - NOT FOUND
[33merror[39m: GET /api/users/3 - NOT FOUND
[33merror[39m: Error al conectar a DB: MongooseServerSelectionError: Could not connect to any servers in your MongoDB Atlas cluster. One common reason is that you're trying to access the database from an IP that isn't whitelisted. Make sure your current IP address is on your Atlas cluster's IP whitelist: https://www.mongodb.com/docs/atlas/security-whitelist/
[33merror[39m: Error al conectar a DB: MongooseServerSelectionError: Could not connect to any servers in your MongoDB Atlas cluster. One common reason is that you're trying to access the database from an IP that isn't whitelisted. Make sure your current IP address is on your Atlas cluster's IP whitelist: https://www.mongodb.com/docs/atlas/security-whitelist/
[33merror[39m: Error al conectar a DB: MongooseServerSelectionError: Could not connect to any servers in your MongoDB Atlas cluster. One common reason is that you're trying to access the database from an IP that isn't whitelisted. Make sure your current IP address is on your Atlas cluster's IP whitelist: https://www.mongodb.com/docs/atlas/security-whitelist/
[33merror[39m: Error al conectar a DB: MongooseServerSelectionError: Could not connect to any servers in your MongoDB Atlas cluster. One common reason is that you're trying to access the database from an IP that isn't whitelisted. Make sure your current IP address is on your Atlas cluster's IP whitelist: https://www.mongodb.com/docs/atlas/security-whitelist/
[33merror[39m: Error al conectar a DB: MongooseServerSelectionError: Could not connect to any servers in your MongoDB Atlas cluster. One common reason is that you're trying to access the database from an IP that isn't whitelisted. Make sure your current IP address is on your Atlas cluster's IP whitelist: https://www.mongodb.com/docs/atlas/security-whitelist/
[33merror[39m: usuario invalido:matias@test.com
[33merror[39m: usuario invalido:matias@test.com
[31mfatal[39m: POST /api/products - UNKNOWN AUTHENTICATION STRATEGY "CURRENT"
[31mfatal[39m: DELETE /api/products/ - UNKNOWN AUTHENTICATION STRATEGY "CURRENT"
[33merror[39m: usuario invalido:incorrecto@test.com
[33merror[39m: password inválida:matias1@test.com
[33merror[39m: usuario invalido:incorrecto@test.com
[33merror[39m: password inválida:matias1@test.com
[33merror[39m: usuario invalido:incorrecto@test.com
[33merror[39m: password inválida:matias1@test.com
[33merror[39m: usuario invalido:incorrecto@test.com
[33merror[39m: password inválida:matias1@test.com
[33merror[39m: usuario invalido:wrong@test.com
[33merror[39m: Error al conectar a DB: Error: querySrv ECONNREFUSED _mongodb._tcp.itsatapp.js16t.mongodb.net
[31mfatal[39m: POST /api/sessions/login - OPERATION `USERS.FINDONE()` BUFFERING TIMED OUT AFTER 10000MS
[33merror[39m: PUT /api/products/67531f289ada5540f3388a5f - EXPECTED DOUBLE-QUOTED PROPERTY NAME IN JSON AT POSITION 48
[33merror[39m: PUT /api/products/67531f289ada5540f3388a5f - EXPECTED DOUBLE-QUOTED PROPERTY NAME IN JSON AT POSITION 138
